#
# There is insufficient memory for the Java Runtime Environment to continue.
# Native memory allocation (malloc) failed to allocate 1344336 bytes for Chunk::new
# Possible reasons:
#   The system is out of physical RAM or swap space
#   The process is running with CompressedOops enabled, and the Java Heap may be blocking the growth of the native heap
# Possible solutions:
#   Reduce memory load on the system
#   Increase physical memory or swap space
#   Check if swap backing store is full
#   Decrease Java heap size (-Xmx/-Xms)
#   Decrease number of Java threads
#   Decrease Java thread stack sizes (-Xss)
#   Set larger code cache with -XX:ReservedCodeCacheSize=
#   JVM is running with Unscaled Compressed Oops mode in which the Java heap is
#     placed in the first 4GB address space. The Java Heap base address is the
#     maximum limit for the native heap growth. Please use -XX:HeapBaseMinAddress
#     to set the Java Heap base and to place the Java Heap above 4GB virtual address.
# This output file may be truncated or incomplete.
#
#  Out of Memory Error (./src/hotspot/share/memory/arena.cpp:197), pid=5472, tid=14068
#
# JRE version: OpenJDK Runtime Environment Microsoft-7208460 (11.0.18+10) (build 11.0.18+10-LTS)
# Java VM: OpenJDK 64-Bit Server VM Microsoft-7208460 (11.0.18+10-LTS, mixed mode, tiered, compressed oops, g1 gc, windows-amd64)
# No core dump will be written. Minidumps are not enabled by default on client versions of Windows
#

---------------  S U M M A R Y ------------

Command Line: org.jetbrains.kotlin.cli.jvm.K2JVMCompiler @C:\tpiot_dev\NewConnect\node_modules\react-native-screens\android\build\20230327_18420922034848142518.compiler.options

Host: Intel(R) Core(TM) i5-5200U CPU @ 2.20GHz, 4 cores, 7G,  Windows 10 , 64 bit Build 19041 (10.0.19041.2546)
Time: Mon Mar 27 16:48:05 2023 Greenwich elapsed time: 44.962143 seconds (0d 0h 0m 44s)

---------------  T H R E A D  ---------------

Current thread (0x000001e0a0a48000):  JavaThread "C2 CompilerThread0" daemon [_thread_in_native, id=14068, stack(0x00000091ffa00000,0x00000091ffb00000)]


Current CompileTask:
C2:  44962 8316       4       org.jetbrains.kotlin.types.TypeSubstitutor::unsafeSubstitute (813 bytes)

Stack: [0x00000091ffa00000,0x00000091ffb00000]
Native frames: (J=compiled Java code, j=interpreted, Vv=VM code, C=native code)
V  [jvm.dll+0x62bf8a]
V  [jvm.dll+0x7b8fb9]
V  [jvm.dll+0x7ba6a8]
V  [jvm.dll+0x7bad83]
V  [jvm.dll+0x250248]
V  [jvm.dll+0xc260c]
V  [jvm.dll+0xc2bcc]
V  [jvm.dll+0x35e182]
V  [jvm.dll+0x19ebe9]
V  [jvm.dll+0x209495]
V  [jvm.dll+0x20850d]
V  [jvm.dll+0x18a4b1]
V  [jvm.dll+0x217eec]
V  [jvm.dll+0x21612b]
V  [jvm.dll+0x77bac0]
V  [jvm.dll+0x7749f4]
V  [jvm.dll+0x62adf5]
C  [ucrtbase.dll+0x21bb2]
C  [KERNEL32.DLL+0x17614]
C  [ntdll.dll+0x526a1]


---------------  P R O C E S S  ---------------

Threads class SMR info:
_java_thread_list=0x000001e0a15423d0, length=10, elements={
0x000001e0804ff000, 0x000001e0a0a35000, 0x000001e0a0a36000, 0x000001e0a0a32800,
0x000001e0a0a44000, 0x000001e0a0a45000, 0x000001e0a0a48000, 0x000001e0a13ef000,
0x000001e0a142a800, 0x000001e0a1559000
}

Java Threads: ( => current thread )
  0x000001e0804ff000 JavaThread "main" [_thread_in_Java, id=16596, stack(0x00000091fee00000,0x00000091fef00000)]
  0x000001e0a0a35000 JavaThread "Reference Handler" daemon [_thread_blocked, id=17760, stack(0x00000091ff500000,0x00000091ff600000)]
  0x000001e0a0a36000 JavaThread "Finalizer" daemon [_thread_blocked, id=10212, stack(0x00000091ff600000,0x00000091ff700000)]
  0x000001e0a0a32800 JavaThread "Signal Dispatcher" daemon [_thread_blocked, id=452, stack(0x00000091ff700000,0x00000091ff800000)]
  0x000001e0a0a44000 JavaThread "Attach Listener" daemon [_thread_blocked, id=7808, stack(0x00000091ff800000,0x00000091ff900000)]
  0x000001e0a0a45000 JavaThread "Service Thread" daemon [_thread_blocked, id=1152, stack(0x00000091ff900000,0x00000091ffa00000)]
=>0x000001e0a0a48000 JavaThread "C2 CompilerThread0" daemon [_thread_in_native, id=14068, stack(0x00000091ffa00000,0x00000091ffb00000)]
  0x000001e0a13ef000 JavaThread "C1 CompilerThread0" daemon [_thread_blocked, id=18476, stack(0x00000091ffb00000,0x00000091ffc00000)]
  0x000001e0a142a800 JavaThread "Sweeper thread" daemon [_thread_blocked, id=11488, stack(0x00000091ffc00000,0x00000091ffd00000)]
  0x000001e0a1559000 JavaThread "Common-Cleaner" daemon [_thread_blocked, id=15664, stack(0x00000091ffe00000,0x00000091fff00000)]

Other Threads:
  0x000001e0a09ff000 VMThread "VM Thread" [stack: 0x00000091ff400000,0x00000091ff500000] [id=15896]
  0x000001e0a1553000 WatcherThread [stack: 0x00000091ffd00000,0x00000091ffe00000] [id=9260]
  0x000001e080515800 GCTaskThread "GC Thread#0" [stack: 0x00000091fef00000,0x00000091ff000000] [id=2364]
  0x000001e0a18f8800 GCTaskThread "GC Thread#1" [stack: 0x00000091fff00000,0x0000009200000000] [id=11956]
  0x000001e0a4f8a800 GCTaskThread "GC Thread#2" [stack: 0x0000009180000000,0x0000009180100000] [id=16728]
  0x000001e080544800 ConcurrentGCThread "G1 Main Marker" [stack: 0x00000091ff000000,0x00000091ff100000] [id=17228]
  0x000001e080546000 ConcurrentGCThread "G1 Conc#0" [stack: 0x00000091ff100000,0x00000091ff200000] [id=16060]
  0x000001e0805c4800 ConcurrentGCThread "G1 Refine#0" [stack: 0x00000091ff200000,0x00000091ff300000] [id=14800]
  0x000001e0805c5800 ConcurrentGCThread "G1 Young RemSet Sampling" [stack: 0x00000091ff300000,0x00000091ff400000] [id=7204]

Threads with active compile tasks:
C2 CompilerThread0    45051 8316       4       org.jetbrains.kotlin.types.TypeSubstitutor::unsafeSubstitute (813 bytes)

VM state:not at safepoint (normal execution)

VM Mutex/Monitor currently owned by a thread: None

Heap address: 0x0000000084c00000, size: 1972 MB, Compressed Oops mode: 32-bit
Narrow klass base: 0x0000000000000000, Narrow klass shift: 3
Compressed class space size: 1073741824 Address: 0x0000000100000000

Heap:
 garbage-first heap   total 152576K, used 111057K [0x0000000084c00000, 0x0000000100000000)
  region size 1024K, 59 young (60416K), 8 survivors (8192K)
 Metaspace       used 62141K, capacity 62937K, committed 63232K, reserved 1105920K
  class space    used 7020K, capacity 7342K, committed 7424K, reserved 1048576K
Heap Regions: E=young(eden), S=young(survivor), O=old, HS=humongous(starts), HC=humongous(continues), CS=collection set, F=free, A=archive, TAMS=top-at-mark-start (previous, next)
|   0|0x0000000084c00000, 0x0000000084d00000, 0x0000000084d00000|100%|HS|  |TAMS 0x0000000084d00000, 0x0000000084c00000| Complete 
|   1|0x0000000084d00000, 0x0000000084e00000, 0x0000000084e00000|100%|HC|  |TAMS 0x0000000084e00000, 0x0000000084d00000| Complete 
|   2|0x0000000084e00000, 0x0000000084f00000, 0x0000000084f00000|100%|HC|  |TAMS 0x0000000084f00000, 0x0000000084e00000| Complete 
|   3|0x0000000084f00000, 0x0000000085000000, 0x0000000085000000|100%| O|  |TAMS 0x0000000085000000, 0x0000000084f00000| Untracked 
|   4|0x0000000085000000, 0x0000000085100000, 0x0000000085100000|100%| O|  |TAMS 0x0000000085100000, 0x0000000085000000| Untracked 
|   5|0x0000000085100000, 0x0000000085200000, 0x0000000085200000|100%|HS|  |TAMS 0x0000000085200000, 0x0000000085100000| Complete 
|   6|0x0000000085200000, 0x0000000085300000, 0x0000000085300000|100%|HC|  |TAMS 0x0000000085300000, 0x0000000085200000| Complete 
|   7|0x0000000085300000, 0x0000000085400000, 0x0000000085400000|100%|HC|  |TAMS 0x0000000085400000, 0x0000000085300000| Complete 
|   8|0x0000000085400000, 0x0000000085500000, 0x0000000085500000|100%|HS|  |TAMS 0x0000000085500000, 0x0000000085400000| Complete 
|   9|0x0000000085500000, 0x0000000085600000, 0x0000000085600000|100%|HC|  |TAMS 0x0000000085600000, 0x0000000085500000| Complete 
|  10|0x0000000085600000, 0x0000000085700000, 0x0000000085700000|100%| O|  |TAMS 0x0000000085700000, 0x0000000085600000| Untracked 
|  11|0x0000000085700000, 0x0000000085800000, 0x0000000085800000|100%| O|  |TAMS 0x0000000085800000, 0x0000000085700000| Untracked 
|  12|0x0000000085800000, 0x0000000085900000, 0x0000000085900000|100%| O|  |TAMS 0x0000000085900000, 0x0000000085800000| Untracked 
|  13|0x0000000085900000, 0x0000000085a00000, 0x0000000085a00000|100%| O|  |TAMS 0x0000000085a00000, 0x0000000085900000| Untracked 
|  14|0x0000000085a00000, 0x0000000085b00000, 0x0000000085b00000|100%| O|  |TAMS 0x0000000085b00000, 0x0000000085a00000| Untracked 
|  15|0x0000000085b00000, 0x0000000085c00000, 0x0000000085c00000|100%| O|  |TAMS 0x0000000085c00000, 0x0000000085b00000| Untracked 
|  16|0x0000000085c00000, 0x0000000085d00000, 0x0000000085d00000|100%| O|  |TAMS 0x0000000085d00000, 0x0000000085c00000| Untracked 
|  17|0x0000000085d00000, 0x0000000085e00000, 0x0000000085e00000|100%| O|  |TAMS 0x0000000085e00000, 0x0000000085d00000| Untracked 
|  18|0x0000000085e00000, 0x0000000085f00000, 0x0000000085f00000|100%| O|  |TAMS 0x0000000085f00000, 0x0000000085e00000| Untracked 
|  19|0x0000000085f00000, 0x0000000086000000, 0x0000000086000000|100%| O|  |TAMS 0x0000000086000000, 0x0000000085f00000| Untracked 
|  20|0x0000000086000000, 0x0000000086100000, 0x0000000086100000|100%| O|  |TAMS 0x0000000086100000, 0x0000000086000000| Untracked 
|  21|0x0000000086100000, 0x0000000086200000, 0x0000000086200000|100%| O|  |TAMS 0x0000000086200000, 0x0000000086100000| Untracked 
|  22|0x0000000086200000, 0x0000000086300000, 0x0000000086300000|100%| O|  |TAMS 0x0000000086300000, 0x0000000086200000| Untracked 
|  23|0x0000000086300000, 0x0000000086400000, 0x0000000086400000|100%| O|  |TAMS 0x0000000086400000, 0x0000000086300000| Untracked 
|  24|0x0000000086400000, 0x0000000086500000, 0x0000000086500000|100%| O|  |TAMS 0x0000000086500000, 0x0000000086400000| Untracked 
|  25|0x0000000086500000, 0x0000000086600000, 0x0000000086600000|100%| O|  |TAMS 0x0000000086600000, 0x0000000086500000| Untracked 
|  26|0x0000000086600000, 0x0000000086700000, 0x0000000086700000|100%| O|  |TAMS 0x0000000086700000, 0x0000000086600000| Untracked 
|  27|0x0000000086700000, 0x0000000086800000, 0x0000000086800000|100%| O|  |TAMS 0x0000000086800000, 0x0000000086700000| Untracked 
|  28|0x0000000086800000, 0x0000000086900000, 0x0000000086900000|100%| O|  |TAMS 0x0000000086900000, 0x0000000086800000| Untracked 
|  29|0x0000000086900000, 0x0000000086a00000, 0x0000000086a00000|100%| O|  |TAMS 0x0000000086a00000, 0x0000000086900000| Untracked 
|  30|0x0000000086a00000, 0x0000000086b00000, 0x0000000086b00000|100%| O|  |TAMS 0x0000000086b00000, 0x0000000086a00000| Untracked 
|  31|0x0000000086b00000, 0x0000000086c00000, 0x0000000086c00000|100%| O|  |TAMS 0x0000000086c00000, 0x0000000086b00000| Untracked 
|  32|0x0000000086c00000, 0x0000000086d00000, 0x0000000086d00000|100%| O|  |TAMS 0x0000000086d00000, 0x0000000086c00000| Untracked 
|  33|0x0000000086d00000, 0x0000000086e00000, 0x0000000086e00000|100%| O|  |TAMS 0x0000000086e00000, 0x0000000086d00000| Untracked 
|  34|0x0000000086e00000, 0x0000000086f00000, 0x0000000086f00000|100%| O|  |TAMS 0x0000000086f00000, 0x0000000086e00000| Untracked 
|  35|0x0000000086f00000, 0x0000000087000000, 0x0000000087000000|100%| O|  |TAMS 0x0000000087000000, 0x0000000086f00000| Untracked 
|  36|0x0000000087000000, 0x0000000087100000, 0x0000000087100000|100%| O|  |TAMS 0x0000000087100000, 0x0000000087000000| Untracked 
|  37|0x0000000087100000, 0x0000000087200000, 0x0000000087200000|100%| O|  |TAMS 0x0000000087200000, 0x0000000087100000| Untracked 
|  38|0x0000000087200000, 0x0000000087300000, 0x0000000087300000|100%| O|  |TAMS 0x0000000087300000, 0x0000000087200000| Untracked 
|  39|0x0000000087300000, 0x0000000087400000, 0x0000000087400000|100%| O|  |TAMS 0x0000000087400000, 0x0000000087300000| Untracked 
|  40|0x0000000087400000, 0x0000000087500000, 0x0000000087500000|100%| O|  |TAMS 0x0000000087500000, 0x0000000087400000| Untracked 
|  41|0x0000000087500000, 0x0000000087600000, 0x0000000087600000|100%| O|  |TAMS 0x0000000087600000, 0x0000000087500000| Untracked 
|  42|0x0000000087600000, 0x0000000087700000, 0x0000000087700000|100%| O|  |TAMS 0x0000000087600000, 0x0000000087600000| Untracked 
|  43|0x0000000087700000, 0x0000000087800000, 0x0000000087800000|100%| O|  |TAMS 0x0000000087700000, 0x0000000087700000| Untracked 
|  44|0x0000000087800000, 0x0000000087900000, 0x0000000087900000|100%| O|  |TAMS 0x0000000087800000, 0x0000000087800000| Untracked 
|  45|0x0000000087900000, 0x0000000087a00000, 0x0000000087a00000|100%| O|  |TAMS 0x0000000087900000, 0x0000000087900000| Untracked 
|  46|0x0000000087a00000, 0x0000000087b00000, 0x0000000087b00000|100%| O|  |TAMS 0x0000000087a00000, 0x0000000087a00000| Untracked 
|  47|0x0000000087b00000, 0x0000000087c00000, 0x0000000087c00000|100%| O|  |TAMS 0x0000000087b00000, 0x0000000087b00000| Untracked 
|  48|0x0000000087c00000, 0x0000000087d00000, 0x0000000087d00000|100%| O|  |TAMS 0x0000000087c00000, 0x0000000087c00000| Untracked 
|  49|0x0000000087d00000, 0x0000000087e00000, 0x0000000087e00000|100%| O|  |TAMS 0x0000000087d00000, 0x0000000087d00000| Untracked 
|  50|0x0000000087e00000, 0x0000000087e74608, 0x0000000087f00000| 45%| O|  |TAMS 0x0000000087e00000, 0x0000000087e00000| Untracked 
|  51|0x0000000087f00000, 0x0000000087f00000, 0x0000000088000000|  0%| F|  |TAMS 0x0000000087f00000, 0x0000000087f00000| Untracked 
|  52|0x0000000088000000, 0x0000000088000000, 0x0000000088100000|  0%| F|  |TAMS 0x0000000088000000, 0x0000000088000000| Untracked 
|  53|0x0000000088100000, 0x0000000088100000, 0x0000000088200000|  0%| F|  |TAMS 0x0000000088100000, 0x0000000088100000| Untracked 
|  54|0x0000000088200000, 0x0000000088200000, 0x0000000088300000|  0%| F|  |TAMS 0x0000000088200000, 0x0000000088200000| Untracked 
|  55|0x0000000088300000, 0x0000000088300000, 0x0000000088400000|  0%| F|  |TAMS 0x0000000088300000, 0x0000000088300000| Untracked 
|  56|0x0000000088400000, 0x0000000088400000, 0x0000000088500000|  0%| F|  |TAMS 0x0000000088400000, 0x0000000088400000| Untracked 
|  57|0x0000000088500000, 0x0000000088500000, 0x0000000088600000|  0%| F|  |TAMS 0x0000000088500000, 0x0000000088500000| Untracked 
|  58|0x0000000088600000, 0x0000000088600000, 0x0000000088700000|  0%| F|  |TAMS 0x0000000088600000, 0x0000000088600000| Untracked 
|  59|0x0000000088700000, 0x0000000088700000, 0x0000000088800000|  0%| F|  |TAMS 0x0000000088700000, 0x0000000088700000| Untracked 
|  60|0x0000000088800000, 0x0000000088800000, 0x0000000088900000|  0%| F|  |TAMS 0x0000000088800000, 0x0000000088800000| Untracked 
|  61|0x0000000088900000, 0x0000000088900000, 0x0000000088a00000|  0%| F|  |TAMS 0x0000000088900000, 0x0000000088900000| Untracked 
|  62|0x0000000088a00000, 0x0000000088a00000, 0x0000000088b00000|  0%| F|  |TAMS 0x0000000088a00000, 0x0000000088a00000| Untracked 
|  63|0x0000000088b00000, 0x0000000088b00000, 0x0000000088c00000|  0%| F|  |TAMS 0x0000000088b00000, 0x0000000088b00000| Untracked 
|  64|0x0000000088c00000, 0x0000000088c00000, 0x0000000088d00000|  0%| F|  |TAMS 0x0000000088c00000, 0x0000000088c00000| Untracked 
|  65|0x0000000088d00000, 0x0000000088d00000, 0x0000000088e00000|  0%| F|  |TAMS 0x0000000088d00000, 0x0000000088d00000| Untracked 
|  66|0x0000000088e00000, 0x0000000088e00000, 0x0000000088f00000|  0%| F|  |TAMS 0x0000000088e00000, 0x0000000088e00000| Untracked 
|  67|0x0000000088f00000, 0x0000000088f00000, 0x0000000089000000|  0%| F|  |TAMS 0x0000000088f00000, 0x0000000088f00000| Untracked 
|  68|0x0000000089000000, 0x0000000089000000, 0x0000000089100000|  0%| F|  |TAMS 0x0000000089000000, 0x0000000089000000| Untracked 
|  69|0x0000000089100000, 0x0000000089100000, 0x0000000089200000|  0%| F|  |TAMS 0x0000000089100000, 0x0000000089100000| Untracked 
|  70|0x0000000089200000, 0x0000000089200000, 0x0000000089300000|  0%| F|  |TAMS 0x0000000089200000, 0x0000000089200000| Untracked 
|  71|0x0000000089300000, 0x0000000089300000, 0x0000000089400000|  0%| F|  |TAMS 0x0000000089300000, 0x0000000089300000| Untracked 
|  72|0x0000000089400000, 0x0000000089400000, 0x0000000089500000|  0%| F|  |TAMS 0x0000000089400000, 0x0000000089400000| Untracked 
|  73|0x0000000089500000, 0x0000000089500000, 0x0000000089600000|  0%| F|  |TAMS 0x0000000089500000, 0x0000000089500000| Untracked 
|  74|0x0000000089600000, 0x0000000089600000, 0x0000000089700000|  0%| F|  |TAMS 0x0000000089600000, 0x0000000089600000| Untracked 
|  75|0x0000000089700000, 0x0000000089700000, 0x0000000089800000|  0%| F|  |TAMS 0x0000000089700000, 0x0000000089700000| Untracked 
|  76|0x0000000089800000, 0x0000000089800000, 0x0000000089900000|  0%| F|  |TAMS 0x0000000089800000, 0x0000000089800000| Untracked 
|  77|0x0000000089900000, 0x0000000089900000, 0x0000000089a00000|  0%| F|  |TAMS 0x0000000089900000, 0x0000000089900000| Untracked 
|  78|0x0000000089a00000, 0x0000000089a00000, 0x0000000089b00000|  0%| F|  |TAMS 0x0000000089a00000, 0x0000000089a00000| Untracked 
|  79|0x0000000089b00000, 0x0000000089b00000, 0x0000000089c00000|  0%| F|  |TAMS 0x0000000089b00000, 0x0000000089b00000| Untracked 
|  80|0x0000000089c00000, 0x0000000089c00000, 0x0000000089d00000|  0%| F|  |TAMS 0x0000000089c00000, 0x0000000089c00000| Untracked 
|  81|0x0000000089d00000, 0x0000000089d00000, 0x0000000089e00000|  0%| F|  |TAMS 0x0000000089d00000, 0x0000000089d00000| Untracked 
|  82|0x0000000089e00000, 0x0000000089e00000, 0x0000000089f00000|  0%| F|  |TAMS 0x0000000089e00000, 0x0000000089e00000| Untracked 
|  83|0x0000000089f00000, 0x0000000089f00000, 0x000000008a000000|  0%| F|  |TAMS 0x0000000089f00000, 0x0000000089f00000| Untracked 
|  84|0x000000008a000000, 0x000000008a000000, 0x000000008a100000|  0%| F|  |TAMS 0x000000008a000000, 0x000000008a000000| Untracked 
|  85|0x000000008a100000, 0x000000008a100000, 0x000000008a200000|  0%| F|  |TAMS 0x000000008a100000, 0x000000008a100000| Untracked 
|  86|0x000000008a200000, 0x000000008a300000, 0x000000008a300000|100%| S|CS|TAMS 0x000000008a200000, 0x000000008a200000| Complete 
|  87|0x000000008a300000, 0x000000008a400000, 0x000000008a400000|100%| S|CS|TAMS 0x000000008a300000, 0x000000008a300000| Complete 
|  88|0x000000008a400000, 0x000000008a500000, 0x000000008a500000|100%| S|CS|TAMS 0x000000008a400000, 0x000000008a400000| Complete 
|  89|0x000000008a500000, 0x000000008a600000, 0x000000008a600000|100%| S|CS|TAMS 0x000000008a500000, 0x000000008a500000| Complete 
|  90|0x000000008a600000, 0x000000008a700000, 0x000000008a700000|100%| S|CS|TAMS 0x000000008a600000, 0x000000008a600000| Complete 
|  91|0x000000008a700000, 0x000000008a800000, 0x000000008a800000|100%| S|CS|TAMS 0x000000008a700000, 0x000000008a700000| Complete 
|  92|0x000000008a800000, 0x000000008a900000, 0x000000008a900000|100%| S|CS|TAMS 0x000000008a800000, 0x000000008a800000| Complete 
|  93|0x000000008a900000, 0x000000008aa00000, 0x000000008aa00000|100%| S|CS|TAMS 0x000000008a900000, 0x000000008a900000| Complete 
|  94|0x000000008aa00000, 0x000000008aa00000, 0x000000008ab00000|  0%| F|  |TAMS 0x000000008aa00000, 0x000000008aa00000| Untracked 
|  95|0x000000008ab00000, 0x000000008ab00000, 0x000000008ac00000|  0%| F|  |TAMS 0x000000008ab00000, 0x000000008ab00000| Untracked 
|  96|0x000000008ac00000, 0x000000008ac00000, 0x000000008ad00000|  0%| F|  |TAMS 0x000000008ac00000, 0x000000008ac00000| Untracked 
|  97|0x000000008ad00000, 0x000000008ad00000, 0x000000008ae00000|  0%| F|  |TAMS 0x000000008ad00000, 0x000000008ad00000| Untracked 
|  98|0x000000008ae00000, 0x000000008af00000, 0x000000008af00000|100%| E|  |TAMS 0x000000008ae00000, 0x000000008ae00000| Complete 
|  99|0x000000008af00000, 0x000000008b000000, 0x000000008b000000|100%| E|CS|TAMS 0x000000008af00000, 0x000000008af00000| Complete 
| 100|0x000000008b000000, 0x000000008b100000, 0x000000008b100000|100%| E|CS|TAMS 0x000000008b000000, 0x000000008b000000| Complete 
| 101|0x000000008b100000, 0x000000008b200000, 0x000000008b200000|100%| E|CS|TAMS 0x000000008b100000, 0x000000008b100000| Complete 
| 102|0x000000008b200000, 0x000000008b300000, 0x000000008b300000|100%| E|CS|TAMS 0x000000008b200000, 0x000000008b200000| Complete 
| 103|0x000000008b300000, 0x000000008b400000, 0x000000008b400000|100%| E|CS|TAMS 0x000000008b300000, 0x000000008b300000| Complete 
| 104|0x000000008b400000, 0x000000008b500000, 0x000000008b500000|100%| E|CS|TAMS 0x000000008b400000, 0x000000008b400000| Complete 
| 105|0x000000008b500000, 0x000000008b600000, 0x000000008b600000|100%| E|CS|TAMS 0x000000008b500000, 0x000000008b500000| Complete 
| 106|0x000000008b600000, 0x000000008b700000, 0x000000008b700000|100%| E|CS|TAMS 0x000000008b600000, 0x000000008b600000| Complete 
| 107|0x000000008b700000, 0x000000008b800000, 0x000000008b800000|100%| E|CS|TAMS 0x000000008b700000, 0x000000008b700000| Complete 
| 108|0x000000008b800000, 0x000000008b900000, 0x000000008b900000|100%| E|CS|TAMS 0x000000008b800000, 0x000000008b800000| Complete 
| 109|0x000000008b900000, 0x000000008ba00000, 0x000000008ba00000|100%| E|CS|TAMS 0x000000008b900000, 0x000000008b900000| Complete 
| 110|0x000000008ba00000, 0x000000008bb00000, 0x000000008bb00000|100%| E|CS|TAMS 0x000000008ba00000, 0x000000008ba00000| Complete 
| 111|0x000000008bb00000, 0x000000008bc00000, 0x000000008bc00000|100%| E|CS|TAMS 0x000000008bb00000, 0x000000008bb00000| Complete 
| 112|0x000000008bc00000, 0x000000008bd00000, 0x000000008bd00000|100%| E|CS|TAMS 0x000000008bc00000, 0x000000008bc00000| Complete 
| 113|0x000000008bd00000, 0x000000008be00000, 0x000000008be00000|100%| E|CS|TAMS 0x000000008bd00000, 0x000000008bd00000| Complete 
| 114|0x000000008be00000, 0x000000008bf00000, 0x000000008bf00000|100%| E|CS|TAMS 0x000000008be00000, 0x000000008be00000| Complete 
| 115|0x000000008bf00000, 0x000000008c000000, 0x000000008c000000|100%| E|CS|TAMS 0x000000008bf00000, 0x000000008bf00000| Complete 
| 116|0x000000008c000000, 0x000000008c100000, 0x000000008c100000|100%| E|CS|TAMS 0x000000008c000000, 0x000000008c000000| Complete 
| 117|0x000000008c100000, 0x000000008c200000, 0x000000008c200000|100%| E|CS|TAMS 0x000000008c100000, 0x000000008c100000| Complete 
| 118|0x000000008c200000, 0x000000008c300000, 0x000000008c300000|100%| E|CS|TAMS 0x000000008c200000, 0x000000008c200000| Complete 
| 119|0x000000008c300000, 0x000000008c400000, 0x000000008c400000|100%| E|CS|TAMS 0x000000008c300000, 0x000000008c300000| Complete 
| 120|0x000000008c400000, 0x000000008c500000, 0x000000008c500000|100%| E|CS|TAMS 0x000000008c400000, 0x000000008c400000| Complete 
| 121|0x000000008c500000, 0x000000008c600000, 0x000000008c600000|100%| E|CS|TAMS 0x000000008c500000, 0x000000008c500000| Complete 
| 122|0x000000008c600000, 0x000000008c700000, 0x000000008c700000|100%| E|CS|TAMS 0x000000008c600000, 0x000000008c600000| Complete 
| 123|0x000000008c700000, 0x000000008c800000, 0x000000008c800000|100%| E|CS|TAMS 0x000000008c700000, 0x000000008c700000| Complete 
| 124|0x000000008c800000, 0x000000008c900000, 0x000000008c900000|100%| E|CS|TAMS 0x000000008c800000, 0x000000008c800000| Complete 
| 125|0x000000008c900000, 0x000000008ca00000, 0x000000008ca00000|100%| E|CS|TAMS 0x000000008c900000, 0x000000008c900000| Complete 
| 126|0x000000008ca00000, 0x000000008cb00000, 0x000000008cb00000|100%| E|CS|TAMS 0x000000008ca00000, 0x000000008ca00000| Complete 
| 127|0x000000008cb00000, 0x000000008cc00000, 0x000000008cc00000|100%| E|CS|TAMS 0x000000008cb00000, 0x000000008cb00000| Complete 
| 128|0x000000008cc00000, 0x000000008cd00000, 0x000000008cd00000|100%| E|CS|TAMS 0x000000008cc00000, 0x000000008cc00000| Complete 
| 129|0x000000008cd00000, 0x000000008ce00000, 0x000000008ce00000|100%| E|CS|TAMS 0x000000008cd00000, 0x000000008cd00000| Complete 
| 130|0x000000008ce00000, 0x000000008cf00000, 0x000000008cf00000|100%| E|CS|TAMS 0x000000008ce00000, 0x000000008ce00000| Complete 
| 131|0x000000008cf00000, 0x000000008d000000, 0x000000008d000000|100%| E|CS|TAMS 0x000000008cf00000, 0x000000008cf00000| Complete 
| 132|0x000000008d000000, 0x000000008d100000, 0x000000008d100000|100%| E|CS|TAMS 0x000000008d000000, 0x000000008d000000| Complete 
| 133|0x000000008d100000, 0x000000008d200000, 0x000000008d200000|100%| E|CS|TAMS 0x000000008d100000, 0x000000008d100000| Complete 
| 134|0x000000008d200000, 0x000000008d300000, 0x000000008d300000|100%| E|CS|TAMS 0x000000008d200000, 0x000000008d200000| Complete 
| 135|0x000000008d300000, 0x000000008d400000, 0x000000008d400000|100%| E|CS|TAMS 0x000000008d300000, 0x000000008d300000| Complete 
| 136|0x000000008d400000, 0x000000008d500000, 0x000000008d500000|100%| E|CS|TAMS 0x000000008d400000, 0x000000008d400000| Complete 
| 137|0x000000008d500000, 0x000000008d600000, 0x000000008d600000|100%| E|CS|TAMS 0x000000008d500000, 0x000000008d500000| Complete 
| 138|0x000000008d600000, 0x000000008d700000, 0x000000008d700000|100%| E|CS|TAMS 0x000000008d600000, 0x000000008d600000| Complete 
| 139|0x000000008d700000, 0x000000008d800000, 0x000000008d800000|100%| E|CS|TAMS 0x000000008d700000, 0x000000008d700000| Complete 
| 140|0x000000008d800000, 0x000000008d900000, 0x000000008d900000|100%| E|CS|TAMS 0x000000008d800000, 0x000000008d800000| Complete 
| 141|0x000000008d900000, 0x000000008da00000, 0x000000008da00000|100%| E|CS|TAMS 0x000000008d900000, 0x000000008d900000| Complete 
| 142|0x000000008da00000, 0x000000008db00000, 0x000000008db00000|100%| E|CS|TAMS 0x000000008da00000, 0x000000008da00000| Complete 
| 143|0x000000008db00000, 0x000000008dc00000, 0x000000008dc00000|100%| E|CS|TAMS 0x000000008db00000, 0x000000008db00000| Complete 
| 144|0x000000008dc00000, 0x000000008dd00000, 0x000000008dd00000|100%| E|CS|TAMS 0x000000008dc00000, 0x000000008dc00000| Complete 
| 145|0x000000008dd00000, 0x000000008de00000, 0x000000008de00000|100%| E|CS|TAMS 0x000000008dd00000, 0x000000008dd00000| Complete 
| 146|0x000000008de00000, 0x000000008df00000, 0x000000008df00000|100%| E|CS|TAMS 0x000000008de00000, 0x000000008de00000| Complete 
| 147|0x000000008df00000, 0x000000008e000000, 0x000000008e000000|100%| E|CS|TAMS 0x000000008df00000, 0x000000008df00000| Complete 
| 148|0x000000008e000000, 0x000000008e100000, 0x000000008e100000|100%| E|CS|TAMS 0x000000008e000000, 0x000000008e000000| Complete 

Card table byte_map: [0x000001e099e70000,0x000001e09a250000] _byte_map_base: 0x000001e099a4a000

Marking Bits (Prev, Next): (CMBitMap*) 0x000001e08053bfe8, (CMBitMap*) 0x000001e08053c020
 Prev Bits: [0x000001e09a630000, 0x000001e09c500000)
 Next Bits: [0x000001e09c500000, 0x000001e09e3d0000)

Polling page: 0x000001e0805d0000

Metaspace:

Usage:
  Non-class:     54.29 MB capacity,    53.83 MB (>99%) used,   364.14 KB ( <1%) free+waste,   109.88 KB ( <1%) overhead. 
      Class:      7.17 MB capacity,     6.86 MB ( 96%) used,   273.30 KB (  4%) free+waste,    48.63 KB ( <1%) overhead. 
       Both:     61.46 MB capacity,    60.68 MB ( 99%) used,   637.44 KB (  1%) free+waste,   158.50 KB ( <1%) overhead. 

Virtual space:
  Non-class space:       56.00 MB reserved,      54.50 MB ( 97%) committed 
      Class space:        1.00 GB reserved,       7.25 MB ( <1%) committed 
             Both:        1.05 GB reserved,      61.75 MB (  6%) committed 

Chunk freelists:
   Non-Class:  21.00 KB
       Class:  18.00 KB
        Both:  39.00 KB

MaxMetaspaceSize: 17179869184.00 GB
CompressedClassSpaceSize: 1.00 GB
Initial GC threshold: 20.80 MB
Current GC threshold: 100.21 MB
CDS: off

CodeHeap 'non-profiled nmethods': size=120064Kb used=3837Kb max_used=3837Kb free=116226Kb
 bounds [0x000001e091f30000, 0x000001e0922f0000, 0x000001e099470000]
CodeHeap 'profiled nmethods': size=120000Kb used=21026Kb max_used=21026Kb free=98974Kb
 bounds [0x000001e08aa00000, 0x000001e08be90000, 0x000001e091f30000]
CodeHeap 'non-nmethods': size=5696Kb used=1298Kb max_used=1335Kb free=4397Kb
 bounds [0x000001e08a470000, 0x000001e08a6e0000, 0x000001e08aa00000]
 total_blobs=8822 nmethods=8239 adapters=491
 compilation: enabled
              stopped_count=0, restarted_count=0
 full_count=0

Compilation events (20 events):
Event: 44.907 Thread 0x000001e0a13ef000 8424       2       org.jetbrains.kotlin.types.checker.SimpleClassicTypeSystemContext::isIntersection (6 bytes)
Event: 44.907 Thread 0x000001e0a13ef000 nmethod 8424 0x000001e08be72610 code [0x000001e08be727c0, 0x000001e08be728c8]
Event: 44.908 Thread 0x000001e0a13ef000 8425       2       org.jetbrains.kotlin.resolve.calls.smartcasts.DataFlowInfo$Companion::getEMPTY (4 bytes)
Event: 44.908 Thread 0x000001e0a13ef000 nmethod 8425 0x000001e08be72990 code [0x000001e08be72b40, 0x000001e08be72c38]
Event: 44.912 Thread 0x000001e0a13ef000 8426       2       org.jetbrains.kotlin.descriptors.impl.FunctionDescriptorImpl$1::invoke (62 bytes)
Event: 44.913 Thread 0x000001e0a13ef000 nmethod 8426 0x000001e08be72d10 code [0x000001e08be72f20, 0x000001e08be73218]
Event: 44.946 Thread 0x000001e0a13ef000 8427       2       org.jetbrains.kotlin.psi.psiUtil.PsiUtilsKt$parentsWithSelf$1::invoke (9 bytes)
Event: 44.947 Thread 0x000001e0a13ef000 nmethod 8427 0x000001e08be73390 code [0x000001e08be735a0, 0x000001e08be73928]
Event: 44.947 Thread 0x000001e0a13ef000 8429       2       org.jetbrains.kotlin.types.expressions.ExpressionTypingContext::<init> (149 bytes)
Event: 44.948 Thread 0x000001e0a13ef000 nmethod 8429 0x000001e08be73b10 code [0x000001e08be73d60, 0x000001e08be741a8]
Event: 44.948 Thread 0x000001e0a13ef000 8428       2       org.jetbrains.kotlin.psi.psiUtil.PsiUtilsKt$parentsWithSelf$1::invoke (24 bytes)
Event: 44.949 Thread 0x000001e0a13ef000 nmethod 8428 0x000001e08be74410 code [0x000001e08be74620, 0x000001e08be74948]
Event: 44.949 Thread 0x000001e0a13ef000 8430       1       org.jetbrains.kotlin.resolve.calls.tower.PSICallResolver::access$getSyntheticScopes$p (5 bytes)
Event: 44.949 Thread 0x000001e0a13ef000 nmethod 8430 0x000001e0922eca90 code [0x000001e0922ecc40, 0x000001e0922eccd8]
Event: 44.949 Thread 0x000001e0a13ef000 8431       1       org.jetbrains.kotlin.resolve.calls.smartcasts.DataFlowInfoImpl::getCompleteNullabilityInfo (5 bytes)
Event: 44.949 Thread 0x000001e0a13ef000 nmethod 8431 0x000001e0922ecd90 code [0x000001e0922ecf40, 0x000001e0922ecff8]
Event: 44.950 Thread 0x000001e0a13ef000 8432       2       org.jetbrains.kotlin.resolve.calls.components.candidate.ResolutionCandidate::getResultingApplicability (27 bytes)
Event: 44.951 Thread 0x000001e0a13ef000 nmethod 8432 0x000001e08be74b10 code [0x000001e08be74ce0, 0x000001e08be74e88]
Event: 44.951 Thread 0x000001e0a13ef000 8433       2       org.jetbrains.kotlin.resolve.calls.tower.NewResolvedCallImpl::calculateExpectedTypeForConvertedArguments (141 bytes)
Event: 44.954 Thread 0x000001e0a13ef000 nmethod 8433 0x000001e08be74f90 code [0x000001e08be75260, 0x000001e08be759f8]

GC Heap History (18 events):
Event: 3.400 GC heap before
{Heap before GC invocations=0 (full 0):
 garbage-first heap   total 126976K, used 17408K [0x0000000084c00000, 0x0000000100000000)
  region size 1024K, 14 young (14336K), 0 survivors (0K)
 Metaspace       used 9862K, capacity 9970K, committed 10112K, reserved 1058816K
  class space    used 826K, capacity 853K, committed 896K, reserved 1048576K
}
Event: 3.456 GC heap after
{Heap after GC invocations=1 (full 0):
 garbage-first heap   total 126976K, used 5384K [0x0000000084c00000, 0x0000000100000000)
  region size 1024K, 2 young (2048K), 2 survivors (2048K)
 Metaspace       used 9862K, capacity 9970K, committed 10112K, reserved 1058816K
  class space    used 826K, capacity 853K, committed 896K, reserved 1048576K
}
Event: 8.389 GC heap before
{Heap before GC invocations=1 (full 0):
 garbage-first heap   total 126976K, used 51464K [0x0000000084c00000, 0x0000000100000000)
  region size 1024K, 48 young (49152K), 2 survivors (2048K)
 Metaspace       used 20976K, capacity 21182K, committed 21248K, reserved 1069056K
  class space    used 2199K, capacity 2280K, committed 2304K, reserved 1048576K
}
Event: 8.416 GC heap after
{Heap after GC invocations=2 (full 0):
 garbage-first heap   total 126976K, used 9315K [0x0000000084c00000, 0x0000000100000000)
  region size 1024K, 6 young (6144K), 6 survivors (6144K)
 Metaspace       used 20976K, capacity 21182K, committed 21248K, reserved 1069056K
  class space    used 2199K, capacity 2280K, committed 2304K, reserved 1048576K
}
Event: 14.466 GC heap before
{Heap before GC invocations=3 (full 0):
 garbage-first heap   total 126976K, used 60515K [0x0000000084c00000, 0x0000000100000000)
  region size 1024K, 51 young (52224K), 6 survivors (6144K)
 Metaspace       used 31706K, capacity 32186K, committed 32256K, reserved 1077248K
  class space    used 3901K, capacity 4084K, committed 4096K, reserved 1048576K
}
Event: 14.522 GC heap after
{Heap after GC invocations=4 (full 0):
 garbage-first heap   total 126976K, used 20694K [0x0000000084c00000, 0x0000000100000000)
  region size 1024K, 7 young (7168K), 7 survivors (7168K)
 Metaspace       used 31706K, capacity 32186K, committed 32256K, reserved 1077248K
  class space    used 3901K, capacity 4084K, committed 4096K, reserved 1048576K
}
Event: 16.035 GC heap before
{Heap before GC invocations=4 (full 0):
 garbage-first heap   total 126976K, used 36054K [0x0000000084c00000, 0x0000000100000000)
  region size 1024K, 23 young (23552K), 7 survivors (7168K)
 Metaspace       used 35228K, capacity 35690K, committed 35840K, reserved 1081344K
  class space    used 4298K, capacity 4506K, committed 4608K, reserved 1048576K
}
Event: 16.059 GC heap after
{Heap after GC invocations=5 (full 0):
 garbage-first heap   total 126976K, used 20166K [0x0000000084c00000, 0x0000000100000000)
  region size 1024K, 2 young (2048K), 2 survivors (2048K)
 Metaspace       used 35228K, capacity 35690K, committed 35840K, reserved 1081344K
  class space    used 4298K, capacity 4506K, committed 4608K, reserved 1048576K
}
Event: 21.872 GC heap before
{Heap before GC invocations=6 (full 0):
 garbage-first heap   total 126976K, used 76486K [0x0000000084c00000, 0x0000000100000000)
  region size 1024K, 55 young (56320K), 2 survivors (2048K)
 Metaspace       used 46749K, capacity 47211K, committed 47488K, reserved 1091584K
  class space    used 5456K, capacity 5652K, committed 5760K, reserved 1048576K
}
Event: 21.906 GC heap after
{Heap after GC invocations=7 (full 0):
 garbage-first heap   total 126976K, used 27648K [0x0000000084c00000, 0x0000000100000000)
  region size 1024K, 7 young (7168K), 7 survivors (7168K)
 Metaspace       used 46749K, capacity 47211K, committed 47488K, reserved 1091584K
  class space    used 5456K, capacity 5652K, committed 5760K, reserved 1048576K
}
Event: 26.749 GC heap before
{Heap before GC invocations=7 (full 0):
 garbage-first heap   total 126976K, used 86016K [0x0000000084c00000, 0x0000000100000000)
  region size 1024K, 63 young (64512K), 7 survivors (7168K)
 Metaspace       used 50622K, capacity 51218K, committed 51456K, reserved 1095680K
  class space    used 5787K, capacity 6035K, committed 6144K, reserved 1048576K
}
Event: 26.813 GC heap after
{Heap after GC invocations=8 (full 0):
 garbage-first heap   total 126976K, used 35840K [0x0000000084c00000, 0x0000000100000000)
  region size 1024K, 8 young (8192K), 8 survivors (8192K)
 Metaspace       used 50622K, capacity 51218K, committed 51456K, reserved 1095680K
  class space    used 5787K, capacity 6035K, committed 6144K, reserved 1048576K
}
Event: 33.976 GC heap before
{Heap before GC invocations=8 (full 0):
 garbage-first heap   total 126976K, used 79872K [0x0000000084c00000, 0x0000000100000000)
  region size 1024K, 52 young (53248K), 8 survivors (8192K)
 Metaspace       used 59254K, capacity 60000K, committed 60160K, reserved 1101824K
  class space    used 6776K, capacity 7068K, committed 7168K, reserved 1048576K
}
Event: 34.039 GC heap after
{Heap after GC invocations=9 (full 0):
 garbage-first heap   total 126976K, used 41984K [0x0000000084c00000, 0x0000000100000000)
  region size 1024K, 6 young (6144K), 6 survivors (6144K)
 Metaspace       used 59254K, capacity 60000K, committed 60160K, reserved 1101824K
  class space    used 6776K, capacity 7068K, committed 7168K, reserved 1048576K
}
Event: 38.821 GC heap before
{Heap before GC invocations=10 (full 0):
 garbage-first heap   total 126976K, used 92160K [0x0000000084c00000, 0x0000000100000000)
  region size 1024K, 55 young (56320K), 6 survivors (6144K)
 Metaspace       used 60174K, capacity 60982K, committed 61184K, reserved 1103872K
  class space    used 6832K, capacity 7139K, committed 7168K, reserved 1048576K
}
Event: 38.901 GC heap after
{Heap after GC invocations=11 (full 0):
 garbage-first heap   total 152576K, used 50176K [0x0000000084c00000, 0x0000000100000000)
  region size 1024K, 7 young (7168K), 7 survivors (7168K)
 Metaspace       used 60174K, capacity 60982K, committed 61184K, reserved 1103872K
  class space    used 6832K, capacity 7139K, committed 7168K, reserved 1048576K
}
Event: 43.328 GC heap before
{Heap before GC invocations=12 (full 0):
 garbage-first heap   total 152576K, used 106496K [0x0000000084c00000, 0x0000000100000000)
  region size 1024K, 62 young (63488K), 7 survivors (7168K)
 Metaspace       used 61479K, capacity 62277K, committed 62336K, reserved 1103872K
  class space    used 6973K, capacity 7272K, committed 7296K, reserved 1048576K
}
Event: 43.498 GC heap after
{Heap after GC invocations=13 (full 0):
 garbage-first heap   total 152576K, used 59857K [0x0000000084c00000, 0x0000000100000000)
  region size 1024K, 8 young (8192K), 8 survivors (8192K)
 Metaspace       used 61479K, capacity 62277K, committed 62336K, reserved 1103872K
  class space    used 6973K, capacity 7272K, committed 7296K, reserved 1048576K
}

Deoptimization events (20 events):
Event: 44.698 Thread 0x000001e0804ff000 Uncommon trap: trap_request=0xffffffde fr.pc=0x000001e091f74658 relative=0x0000000000001118
Event: 44.699 Thread 0x000001e0804ff000 Uncommon trap: reason=class_check action=maybe_recompile pc=0x000001e091f74658 method=java.util.concurrent.ConcurrentHashMap.putVal(Ljava/lang/Object;Ljava/lang/Object;Z)Ljava/lang/Object; @ 242 c2
Event: 44.699 Thread 0x000001e0804ff000 DEOPT PACKING pc=0x000001e091f74658 sp=0x00000091feefc450
Event: 44.699 Thread 0x000001e0804ff000 DEOPT UNPACKING pc=0x000001e08a4ba1af sp=0x00000091feefc3c0 mode 2
Event: 44.699 Thread 0x000001e0804ff000 Uncommon trap: trap_request=0xffffffde fr.pc=0x000001e091f74658 relative=0x0000000000001118
Event: 44.699 Thread 0x000001e0804ff000 Uncommon trap: reason=class_check action=maybe_recompile pc=0x000001e091f74658 method=java.util.concurrent.ConcurrentHashMap.putVal(Ljava/lang/Object;Ljava/lang/Object;Z)Ljava/lang/Object; @ 242 c2
Event: 44.699 Thread 0x000001e0804ff000 DEOPT PACKING pc=0x000001e091f74658 sp=0x00000091feefc450
Event: 44.699 Thread 0x000001e0804ff000 DEOPT UNPACKING pc=0x000001e08a4ba1af sp=0x00000091feefc3c0 mode 2
Event: 44.699 Thread 0x000001e0804ff000 Uncommon trap: trap_request=0xffffffde fr.pc=0x000001e091f74658 relative=0x0000000000001118
Event: 44.699 Thread 0x000001e0804ff000 Uncommon trap: reason=class_check action=maybe_recompile pc=0x000001e091f74658 method=java.util.concurrent.ConcurrentHashMap.putVal(Ljava/lang/Object;Ljava/lang/Object;Z)Ljava/lang/Object; @ 242 c2
Event: 44.699 Thread 0x000001e0804ff000 DEOPT PACKING pc=0x000001e091f74658 sp=0x00000091feefc350
Event: 44.702 Thread 0x000001e0804ff000 DEOPT UNPACKING pc=0x000001e08a4ba1af sp=0x00000091feefc2c0 mode 2
Event: 44.702 Thread 0x000001e0804ff000 Uncommon trap: trap_request=0xffffffde fr.pc=0x000001e091f74658 relative=0x0000000000001118
Event: 44.702 Thread 0x000001e0804ff000 Uncommon trap: reason=class_check action=maybe_recompile pc=0x000001e091f74658 method=java.util.concurrent.ConcurrentHashMap.putVal(Ljava/lang/Object;Ljava/lang/Object;Z)Ljava/lang/Object; @ 242 c2
Event: 44.702 Thread 0x000001e0804ff000 DEOPT PACKING pc=0x000001e091f74658 sp=0x00000091feefc350
Event: 44.702 Thread 0x000001e0804ff000 DEOPT UNPACKING pc=0x000001e08a4ba1af sp=0x00000091feefc2c0 mode 2
Event: 44.765 Thread 0x000001e0804ff000 Uncommon trap: trap_request=0xffffff4d fr.pc=0x000001e091f895e0 relative=0x00000000000007c0
Event: 44.765 Thread 0x000001e0804ff000 Uncommon trap: reason=unstable_if action=reinterpret pc=0x000001e091f895e0 method=java.util.HashMap.hash(Ljava/lang/Object;)I @ 1 c2
Event: 44.765 Thread 0x000001e0804ff000 DEOPT PACKING pc=0x000001e091f895e0 sp=0x00000091feefcef0
Event: 44.765 Thread 0x000001e0804ff000 DEOPT UNPACKING pc=0x000001e08a4ba1af sp=0x00000091feefce68 mode 2

Classes redefined (0 events):
No events

Internal exceptions (20 events):
Event: 34.137 Thread 0x000001e0804ff000 Exception <a 'java/lang/NoSuchMethodError'{0x000000008c645fc0}: 'int java.lang.invoke.DirectMethodHandle$Holder.invokeInterface(java.lang.Object, java.lang.Object)'> (0x000000008c645fc0) thrown at [./src/hotspot/share/interpreter/linkResolver.cpp, line 773]
Event: 38.277 Thread 0x000001e0804ff000 Exception <a 'java/lang/NoSuchMethodError'{0x00000000894151a0}: 'java.lang.Object java.lang.invoke.DirectMethodHandle$Holder.invokeStatic(java.lang.Object, int, java.lang.Object, java.lang.Object)'> (0x00000000894151a0) thrown at [./src/hotspot/share/interpreter/linkResolver.cpp, line 773]
Event: 38.279 Thread 0x000001e0804ff000 Exception <a 'java/lang/NoSuchMethodError'{0x000000008941c968}: 'java.lang.Object java.lang.invoke.DirectMethodHandle$Holder.invokeStatic(java.lang.Object, int, java.lang.Object)'> (0x000000008941c968) thrown at [./src/hotspot/share/interpreter/linkResolver.cpp, line 773]
Event: 38.936 Thread 0x000001e0804ff000 Exception <a 'java/lang/NoSuchMethodError'{0x000000008e061a40}: 'java.lang.Object java.lang.invoke.Invokers$Holder.linkToTargetMethod(java.lang.Object, java.lang.Object, java.lang.Object, java.lang.Object, java.lang.Object, java.lang.Object)'> (0x000000008e061a40) thrown at [./src/hotspot/share/interpreter/linkResolver.cpp, line 773]
Event: 39.094 Thread 0x000001e0804ff000 Implicit null exception at 0x000001e0921cc73e to 0x000001e0921ccb50
Event: 39.095 Thread 0x000001e0804ff000 Implicit null exception at 0x000001e0920805cc to 0x000001e0920806a8
Event: 43.886 Thread 0x000001e0804ff000 Implicit null exception at 0x000001e09211c5f3 to 0x000001e09212355c
Event: 43.886 Thread 0x000001e0804ff000 Implicit null exception at 0x000001e09211c5f3 to 0x000001e09212355c
Event: 43.887 Thread 0x000001e0804ff000 Implicit null exception at 0x000001e09211c5f3 to 0x000001e09212355c
Event: 43.888 Thread 0x000001e0804ff000 Implicit null exception at 0x000001e09211c5f3 to 0x000001e09212355c
Event: 43.888 Thread 0x000001e0804ff000 Implicit null exception at 0x000001e09211c5f3 to 0x000001e09212355c
Event: 43.889 Thread 0x000001e0804ff000 Implicit null exception at 0x000001e09211c5f3 to 0x000001e09212355c
Event: 43.889 Thread 0x000001e0804ff000 Implicit null exception at 0x000001e09211c5f3 to 0x000001e09212355c
Event: 43.889 Thread 0x000001e0804ff000 Implicit null exception at 0x000001e09211c5f3 to 0x000001e09212355c
Event: 43.889 Thread 0x000001e0804ff000 Implicit null exception at 0x000001e09211c5f3 to 0x000001e09212355c
Event: 43.889 Thread 0x000001e0804ff000 Implicit null exception at 0x000001e09211c5f3 to 0x000001e09212355c
Event: 43.889 Thread 0x000001e0804ff000 Implicit null exception at 0x000001e09211c5f3 to 0x000001e09212355c
Event: 43.889 Thread 0x000001e0804ff000 Implicit null exception at 0x000001e09211c5f3 to 0x000001e09212355c
Event: 43.889 Thread 0x000001e0804ff000 Implicit null exception at 0x000001e092195c48 to 0x000001e092196d28
Event: 44.765 Thread 0x000001e0804ff000 Implicit null exception at 0x000001e091f88e5e to 0x000001e091f895ca

Events (20 events):
Event: 44.766 loading class org/jetbrains/kotlin/resolve/calls/checkers/DslScopeViolationCallChecker$checkCallImplicitReceiver$receiversUntilOneFromTheCall$1
Event: 44.766 loading class org/jetbrains/kotlin/resolve/calls/checkers/DslScopeViolationCallChecker$checkCallImplicitReceiver$receiversUntilOneFromTheCall$1 done
Event: 44.768 loading class org/jetbrains/kotlin/resolve/calls/checkers/DslScopeViolationCallChecker$checkCallImplicitReceiver$receiversUntilOneFromTheCall$2
Event: 44.768 loading class org/jetbrains/kotlin/resolve/calls/checkers/DslScopeViolationCallChecker$checkCallImplicitReceiver$receiversUntilOneFromTheCall$2 done
Event: 44.769 loading class org/jetbrains/kotlin/resolve/calls/checkers/DslScopeViolationCallChecker$checkCallImplicitReceiver$receiversUntilOneFromTheCall$3
Event: 44.769 loading class org/jetbrains/kotlin/resolve/calls/checkers/DslScopeViolationCallChecker$checkCallImplicitReceiver$receiversUntilOneFromTheCall$3 done
Event: 44.769 loading class org/jetbrains/kotlin/resolve/calls/DslMarkerUtils
Event: 44.769 loading class org/jetbrains/kotlin/resolve/calls/DslMarkerUtils done
Event: 44.772 loading class org/jetbrains/kotlin/resolve/calls/DslMarkerUtilsKt
Event: 44.772 loading class org/jetbrains/kotlin/resolve/calls/DslMarkerUtilsKt done
Event: 44.773 loading class org/jetbrains/kotlin/resolve/descriptorUtil/DescriptorUtilsKt$getAllSuperClassifiers$doGetAllSuperClassesAndInterfaces$1
Event: 44.773 loading class org/jetbrains/kotlin/resolve/descriptorUtil/DescriptorUtilsKt$getAllSuperClassifiers$doGetAllSuperClassesAndInterfaces$1 done
Event: 44.774 loading class org/jetbrains/kotlin/resolve/scopes/receivers/ExtensionReceiver
Event: 44.774 loading class org/jetbrains/kotlin/resolve/scopes/receivers/ExtensionReceiver done
Event: 44.775 loading class org/jetbrains/kotlin/resolve/calls/DslMarkerUtils$DslMarkersFromReceiver
Event: 44.775 loading class org/jetbrains/kotlin/resolve/calls/DslMarkerUtils$DslMarkersFromReceiver done
Event: 44.776 loading class org/jetbrains/kotlin/resolve/calls/smartcasts/IdentifierInfo$Qualified
Event: 44.776 loading class org/jetbrains/kotlin/resolve/calls/smartcasts/IdentifierInfo$Qualified done
Event: 44.863 loading class org/jetbrains/kotlin/resolve/calls/CallExpressionResolver$elementChain$1$WhenMappings
Event: 44.863 loading class org/jetbrains/kotlin/resolve/calls/CallExpressionResolver$elementChain$1$WhenMappings done


Dynamic libraries:
0x00007ff79bcb0000 - 0x00007ff79bcbd000 	C:\Program Files\Microsoft\jdk-11.0.18.10-hotspot\bin\java.exe
0x00007ffafd1d0000 - 0x00007ffafd3c8000 	C:\WINDOWS\SYSTEM32\ntdll.dll
0x00007ffafceb0000 - 0x00007ffafcf6f000 	C:\WINDOWS\System32\KERNEL32.DLL
0x00007ffafab10000 - 0x00007ffafade2000 	C:\WINDOWS\System32\KERNELBASE.dll
0x00007ffad3aa0000 - 0x00007ffad3b69000 	C:\Program Files\Bitdefender\Bitdefender Security\bdhkm\dlls_266166356774696700\bdhkm64.dll
0x00007ffad3970000 - 0x00007ffad3a9a000 	C:\Program Files\Bitdefender\Bitdefender Security\atcuf\dlls_266309637882907464\atcuf64.dll
0x00007ffafb120000 - 0x00007ffafb220000 	C:\WINDOWS\System32\ucrtbase.dll
0x00007ffaeab10000 - 0x00007ffaeab27000 	C:\Program Files\Microsoft\jdk-11.0.18.10-hotspot\bin\jli.dll
0x00007ffafb220000 - 0x00007ffafb3c1000 	C:\WINDOWS\System32\USER32.dll
0x00007ffafa8d0000 - 0x00007ffafa8f2000 	C:\WINDOWS\System32\win32u.dll
0x00007ffafbd00000 - 0x00007ffafbd2b000 	C:\WINDOWS\System32\GDI32.dll
0x00007ffafa900000 - 0x00007ffafaa0f000 	C:\WINDOWS\System32\gdi32full.dll
0x00007ffafb080000 - 0x00007ffafb11d000 	C:\WINDOWS\System32\msvcp_win.dll
0x00007ffad95c0000 - 0x00007ffad95d5000 	C:\Program Files\Microsoft\jdk-11.0.18.10-hotspot\bin\VCRUNTIME140.dll
0x00007ffae8030000 - 0x00007ffae82ca000 	C:\WINDOWS\WinSxS\amd64_microsoft.windows.common-controls_6595b64144ccf1df_6.0.19041.1110_none_60b5254171f9507e\COMCTL32.dll
0x00007ffafcf90000 - 0x00007ffafd02e000 	C:\WINDOWS\System32\msvcrt.dll
0x00007ffafb4b0000 - 0x00007ffafb4e0000 	C:\WINDOWS\System32\IMM32.DLL
0x00007ffac4ff0000 - 0x00007ffac508b000 	C:\Program Files\Microsoft\jdk-11.0.18.10-hotspot\bin\msvcp140.dll
0x00007ffaa5a60000 - 0x00007ffaa65f2000 	C:\Program Files\Microsoft\jdk-11.0.18.10-hotspot\bin\server\jvm.dll
0x00007ffafd030000 - 0x00007ffafd0de000 	C:\WINDOWS\System32\ADVAPI32.dll
0x00007ffafd0e0000 - 0x00007ffafd17c000 	C:\WINDOWS\System32\sechost.dll
0x00007ffafb9d0000 - 0x00007ffafbaf4000 	C:\WINDOWS\System32\RPCRT4.dll
0x00007ffafd180000 - 0x00007ffafd188000 	C:\WINDOWS\System32\PSAPI.DLL
0x00007ffae2520000 - 0x00007ffae2529000 	C:\WINDOWS\SYSTEM32\WSOCK32.dll
0x00007ffafbf60000 - 0x00007ffafbfcb000 	C:\WINDOWS\System32\WS2_32.dll
0x00007ffaf3770000 - 0x00007ffaf3797000 	C:\WINDOWS\SYSTEM32\WINMM.dll
0x00007ffaf2a60000 - 0x00007ffaf2a6a000 	C:\WINDOWS\SYSTEM32\VERSION.dll
0x00007ffaf8790000 - 0x00007ffaf87a2000 	C:\WINDOWS\SYSTEM32\kernel.appcore.dll
0x00007ffaf65f0000 - 0x00007ffaf6600000 	C:\Program Files\Microsoft\jdk-11.0.18.10-hotspot\bin\verify.dll
0x00007ffaf0360000 - 0x00007ffaf0544000 	C:\WINDOWS\SYSTEM32\DBGHELP.DLL
0x00007ffad37e0000 - 0x00007ffad3815000 	C:\WINDOWS\SYSTEM32\dbgcore.DLL
0x00007ffafaf80000 - 0x00007ffafb002000 	C:\WINDOWS\System32\bcryptPrimitives.dll
0x00007ffad9590000 - 0x00007ffad95b8000 	C:\Program Files\Microsoft\jdk-11.0.18.10-hotspot\bin\java.dll
0x00007ffaf4120000 - 0x00007ffaf412a000 	C:\Program Files\Microsoft\jdk-11.0.18.10-hotspot\bin\jimage.dll
0x00007ffacd250000 - 0x00007ffacd268000 	C:\Program Files\Microsoft\jdk-11.0.18.10-hotspot\bin\zip.dll
0x00007ffafc760000 - 0x00007ffafcea5000 	C:\WINDOWS\System32\SHELL32.dll
0x00007ffaf8990000 - 0x00007ffaf9122000 	C:\WINDOWS\SYSTEM32\windows.storage.dll
0x00007ffafc030000 - 0x00007ffafc385000 	C:\WINDOWS\System32\combase.dll
0x00007ffafa330000 - 0x00007ffafa360000 	C:\WINDOWS\SYSTEM32\Wldp.dll
0x00007ffafbd90000 - 0x00007ffafbe3d000 	C:\WINDOWS\System32\SHCORE.dll
0x00007ffafbd30000 - 0x00007ffafbd85000 	C:\WINDOWS\System32\shlwapi.dll
0x00007ffafa810000 - 0x00007ffafa82f000 	C:\WINDOWS\SYSTEM32\profapi.dll
0x00007ffac4fd0000 - 0x00007ffac4fe9000 	C:\Program Files\Microsoft\jdk-11.0.18.10-hotspot\bin\net.dll
0x00007ffaeec10000 - 0x00007ffaeed1a000 	C:\WINDOWS\SYSTEM32\WINHTTP.dll
0x00007ffafa090000 - 0x00007ffafa0fa000 	C:\WINDOWS\system32\mswsock.dll
0x00007ffac4fb0000 - 0x00007ffac4fc3000 	C:\Program Files\Microsoft\jdk-11.0.18.10-hotspot\bin\nio.dll

dbghelp: loaded successfully - version: 4.0.5 - missing functions: none
symbol engine: initialized successfully - sym options: 0x614 - pdb path: .;C:\Program Files\Microsoft\jdk-11.0.18.10-hotspot\bin;C:\WINDOWS\SYSTEM32;C:\Program Files\Bitdefender\Bitdefender Security\bdhkm\dlls_266166356774696700;C:\Program Files\Bitdefender\Bitdefender Security\atcuf\dlls_266309637882907464;C:\WINDOWS\WinSxS\amd64_microsoft.windows.common-controls_6595b64144ccf1df_6.0.19041.1110_none_60b5254171f9507e;C:\Program Files\Microsoft\jdk-11.0.18.10-hotspot\bin\server

VM Arguments:
java_command: org.jetbrains.kotlin.cli.jvm.K2JVMCompiler @C:\tpiot_dev\NewConnect\node_modules\react-native-screens\android\build\20230327_18420922034848142518.compiler.options
java_class_path (initial): C:\Users\abous\.gradle\caches\modules-2\files-2.1\org.jetbrains.kotlin\kotlin-compiler-embeddable\1.6.21\97bdd5a752ce73b58ef16c17bc7f0ea2faff7a2e\kotlin-compiler-embeddable-1.6.21.jar;C:\Users\abous\.gradle\caches\modules-2\files-2.1\org.jetbrains.kotlin\kotlin-reflect\1.6.21\5dc3574d9b7bebfcb4ec6b10ada4aaa9e140bd0b\kotlin-reflect-1.6.21.jar;C:\Users\abous\.gradle\caches\modules-2\files-2.1\org.jetbrains.kotlin\kotlin-stdlib\1.6.21\11ef67f1900634fd951bad28c53ec957fabbe5b8\kotlin-stdlib-1.6.21.jar;C:\Users\abous\.gradle\caches\modules-2\files-2.1\org.jetbrains.kotlin\kotlin-script-runtime\1.6.21\99c6675100da5d6d5b1c5a1032f27f28008d101b\kotlin-script-runtime-1.6.21.jar;C:\Users\abous\.gradle\caches\modules-2\files-2.1\org.jetbrains.kotlin\kotlin-daemon-embeddable\1.6.21\46b78cf392e1c4f10854c3cadba44abb7b82250f\kotlin-daemon-embeddable-1.6.21.jar;C:\Users\abous\.gradle\caches\modules-2\files-2.1\org.jetbrains.intellij.deps\trove4j\1.0.20200330\3afb14d5f9ceb459d724e907a21145e8ff394f02\trove4j-1.0.20200330.jar;C:\Users\abous\.gradle\caches\modules-2\files-2.1\net.java.dev.jna\jna\5.6.0\330f2244e9030119ab3030fc3fededc86713d9cc\jna-5.6.0.jar;C:\Users\abous\.gradle\caches\modules-2\files-2.1\org.jetbrains.kotlin\kotlin-stdlib-common\1.6.21\5e5b55c26dbc80372a920aef60eb774b714559b8\kotlin-stdlib-common-1.6.21.jar;C:\Users\abous\.gradle\caches\modules-2\files-2.1\org.jetbrains\annotations\13.0\919f0dfe192fb4e063e7dacadee7f8bb9a2672a9\annotations-13.0.jar
Launcher Type: SUN_STANDARD

[Global flags]
     intx CICompilerCount                          = 3                                         {product} {ergonomic}
     uint ConcGCThreads                            = 1                                         {product} {ergonomic}
     uint G1ConcRefinementThreads                  = 4                                         {product} {ergonomic}
   size_t G1HeapRegionSize                         = 1048576                                   {product} {ergonomic}
    uintx GCDrainStackTargetSize                   = 64                                        {product} {ergonomic}
   size_t InitialHeapSize                          = 130023424                                 {product} {ergonomic}
   size_t MarkStackSize                            = 4194304                                   {product} {ergonomic}
   size_t MaxHeapSize                              = 2067791872                                {product} {ergonomic}
   size_t MaxNewSize                               = 1240465408                                {product} {ergonomic}
   size_t MinHeapDeltaBytes                        = 1048576                                   {product} {ergonomic}
    uintx NonNMethodCodeHeapSize                   = 5830732                                {pd product} {ergonomic}
    uintx NonProfiledCodeHeapSize                  = 122913754                              {pd product} {ergonomic}
    uintx ProfiledCodeHeapSize                     = 122913754                              {pd product} {ergonomic}
    uintx ReservedCodeCacheSize                    = 251658240                              {pd product} {ergonomic}
     bool SegmentedCodeCache                       = true                                      {product} {ergonomic}
     bool UseCompressedClassPointers               = true                                 {lp64_product} {ergonomic}
     bool UseCompressedOops                        = true                                 {lp64_product} {ergonomic}
     bool UseG1GC                                  = true                                      {product} {ergonomic}
     bool UseLargePagesIndividualAllocation        = false                                  {pd product} {ergonomic}

Logging:
Log output configuration:
 #0: stdout all=warning uptime,level,tags
 #1: stderr all=off uptime,level,tags

Environment Variables:
JAVA_HOME=C:\Program Files\Microsoft\jdk-11.0.18.10-hotspot\
CLASSPATH=C:\tpiot_dev\NewConnect\android\\gradle\wrapper\gradle-wrapper.jar
PATH=C:\tpiot_dev\NewConnect\android\node_modules\.bin;C:\tpiot_dev\NewConnect\node_modules\.bin;C:\tpiot_dev\node_modules\.bin;C:\node_modules\.bin;C:\Program Files\nodejs;C:\tpiot_dev\NewConnect\node_modules\.bin;C:\tpiot_dev\NewConnect\node_modules\.bin;C:\tpiot_dev\node_modules\.bin;C:\node_modules\.bin;C:\Users\abous\AppData\Roaming\npm\node_modules\npm\node_modules\@npmcli\run-script\lib\node-gyp-bin;C:\Program Files\Microsoft\jdk-11.0.18.10-hotspot\bin;C:\Python311\Scripts\;C:\Python311\;C:\WINDOWS\system32;C:\WINDOWS;C:\WINDOWS\System32\Wbem;C:\WINDOWS\System32\WindowsPowerShell\v1.0\;C:\WINDOWS\System32\OpenSSH\;C:\ProgramData\chocolatey\bin;C:\Program Files\PowerShell\7\;C:\Program Files\Git\cmd;C:\Program Files\PuTTY\;C:\Program Files (x86)\Windows Kits\10\Windows Performance Toolkit\;C:\Program Files (x86)\Yarn\bin\;C:\Program Files\nodejs\;C:\Users\abous\AppData\Local\Microsoft\WindowsApps;C:\Users\abous\AppData\Local\Programs\Microsoft VS Code\bin;C:\Users\abous\AppData\Local\Yarn\bin;C:\Users\abous\AppData\Roaming\npm;C:\Users\abous\AppData\Local\Android\Sdk\platform-tools;
USERNAME=abous
OS=Windows_NT
PROCESSOR_IDENTIFIER=Intel64 Family 6 Model 61 Stepping 4, GenuineIntel
TMP=C:\Users\abous\AppData\Local\Temp
TEMP=C:\Users\abous\AppData\Local\Temp



---------------  S Y S T E M  ---------------

OS: Windows 10 , 64 bit Build 19041 (10.0.19041.2546)
OS uptime: 3 days 8:25 hours

CPU:total 4 (initial active 4) (2 cores per cpu, 2 threads per core) family 6 model 61 stepping 4 microcode 0x2f, cmov, cx8, fxsr, mmx, sse, sse2, sse3, ssse3, sse4.1, sse4.2, popcnt, avx, avx2, aes, clmul, erms, 3dnowpref, lzcnt, ht, tsc, tscinvbit, bmi1, bmi2, adx, fma

Memory: 4k page, system-wide physical 7887M (266M free)
TotalPageFile size 18127M (AvailPageFile size 4M)
current process WorkingSet (physical memory assigned to process): 311M, peak: 313M
current process commit charge ("private bytes"): 348M, peak: 350M

vm_info: OpenJDK 64-Bit Server VM (11.0.18+10-LTS) for windows-amd64 JRE (11.0.18+10-LTS), built on Jan 18 2023 15:56:47 by "MicrosoftCorporation" with MS VC++ 15.9 (VS2017)

END.
